<?xml version="1.0" encoding="UTF-8"?>
<!-- Generated by org.testng.reporters.JUnitReportReporter -->
<testsuite hostname="DESKTOP-CE7QRPJ" failures="0" tests="1" name="scripts.ValidLogin" time="67.424" errors="0" timestamp="2024-07-09T09:16:31 IST" skipped="0">
  <testcase classname="scripts.ValidLogin" name="testValidLogin" time="67.424">
    <system-out>
      <![CDATA[Homepage is displayed]]>
    </system-out>
  </testcase> <!-- testValidLogin -->
  <system-out>
    <![CDATA[Homepage is displayed]]>
  </system-out>
</testsuite> <!-- scripts.ValidLogin -->
