<?xml version="1.0" encoding="UTF-8"?>
<!-- Generated by org.testng.reporters.JUnitReportReporter -->
<testsuite hostname="DESKTOP-CE7QRPJ" failures="0" tests="1" name="scripts.TC2" time="18.491" errors="0" timestamp="2024-07-05T07:52:38 IST" skipped="0">
  <testcase classname="scripts.TC2" name="test2" time="18.491"/>
</testsuite> <!-- scripts.TC2 -->
