<?xml version="1.0" encoding="UTF-8"?>
<!-- Generated by org.testng.reporters.JUnitReportReporter -->
<testsuite hostname="DESKTOP-CE7QRPJ" failures="0" tests="1" name="scripts.TC1" time="38.404" errors="0" timestamp="2024-07-09T08:41:23 IST" skipped="0">
  <testcase classname="scripts.TC1" name="test1" time="38.404"/>
</testsuite> <!-- scripts.TC1 -->
