<?xml version="1.0" encoding="UTF-8"?>
<!-- Generated by org.testng.reporters.JUnitReportReporter -->
<testsuite hostname="DESKTOP-CE7QRPJ" failures="0" tests="2" name="scripts.TC3" time="0.058" errors="0" timestamp="2024-07-08T14:19:32 IST" skipped="0">
  <testcase classname="scripts.TC3" name="testlogout" time="0.013"/>
  <testcase classname="scripts.TC3" name="testLogin" time="0.045"/>
</testsuite> <!-- scripts.TC3 -->
